INFO - 2024-11-04 00:06:36 --> Session: Class initialized using 'CodeIgniter\Session\Handlers\FileHandler' driver.
INFO - 2024-11-04 00:10:37 --> Session: Class initialized using 'CodeIgniter\Session\Handlers\FileHandler' driver.
INFO - 2024-11-04 00:10:44 --> Session: Class initialized using 'CodeIgniter\Session\Handlers\FileHandler' driver.
CRITICAL - 2024-11-04 00:11:13 --> ErrorException: Undefined variable $usuario
[Method: GET, Route: categorias/edit/5]
in APPPATH\Views\Categorias\edit.php on line 6.
 1 APPPATH\Views\Categorias\edit.php(6): CodeIgniter\Debug\Exceptions->errorHandler(2, 'Undefined variable $usuario', 'C:\\xampp\\htdocs\\PanaderiaWeb\\app\\Views\\Categorias\\edit.php', 6)
 2 SYSTEMPATH\View\View.php(234): include('C:\\xampp\\htdocs\\PanaderiaWeb\\app\\Views\\Categorias\\edit.php')
 3 SYSTEMPATH\View\View.php(237): CodeIgniter\View\View->CodeIgniter\View\{closure}()
 4 SYSTEMPATH\Common.php(1169): CodeIgniter\View\View->render('categorias/edit', [], true)
 5 APPPATH\Controllers\Categorias.php(34): view('categorias/edit', [...])
 6 SYSTEMPATH\CodeIgniter.php(933): App\Controllers\categorias->edit('5')
 7 SYSTEMPATH\CodeIgniter.php(509): CodeIgniter\CodeIgniter->runController(Object(App\Controllers\categorias))
 8 SYSTEMPATH\CodeIgniter.php(355): CodeIgniter\CodeIgniter->handleRequest(null, Object(Config\Cache), false)
 9 SYSTEMPATH\Boot.php(325): CodeIgniter\CodeIgniter->run()
10 SYSTEMPATH\Boot.php(67): CodeIgniter\Boot::runCodeIgniter(Object(CodeIgniter\CodeIgniter))
11 FCPATH\index.php(56): CodeIgniter\Boot::bootWeb(Object(Config\Paths))
12 SYSTEMPATH\rewrite.php(44): require_once('C:\\xampp\\htdocs\\PanaderiaWeb\\public\\index.php')
CRITICAL - 2024-11-04 00:11:21 --> ErrorException: Undefined variable $usuario
[Method: GET, Route: categorias/edit/6]
in APPPATH\Views\Categorias\edit.php on line 6.
 1 APPPATH\Views\Categorias\edit.php(6): CodeIgniter\Debug\Exceptions->errorHandler(2, 'Undefined variable $usuario', 'C:\\xampp\\htdocs\\PanaderiaWeb\\app\\Views\\Categorias\\edit.php', 6)
 2 SYSTEMPATH\View\View.php(234): include('C:\\xampp\\htdocs\\PanaderiaWeb\\app\\Views\\Categorias\\edit.php')
 3 SYSTEMPATH\View\View.php(237): CodeIgniter\View\View->CodeIgniter\View\{closure}()
 4 SYSTEMPATH\Common.php(1169): CodeIgniter\View\View->render('categorias/edit', [], true)
 5 APPPATH\Controllers\Categorias.php(34): view('categorias/edit', [...])
 6 SYSTEMPATH\CodeIgniter.php(933): App\Controllers\categorias->edit('6')
 7 SYSTEMPATH\CodeIgniter.php(509): CodeIgniter\CodeIgniter->runController(Object(App\Controllers\categorias))
 8 SYSTEMPATH\CodeIgniter.php(355): CodeIgniter\CodeIgniter->handleRequest(null, Object(Config\Cache), false)
 9 SYSTEMPATH\Boot.php(325): CodeIgniter\CodeIgniter->run()
10 SYSTEMPATH\Boot.php(67): CodeIgniter\Boot::runCodeIgniter(Object(CodeIgniter\CodeIgniter))
11 FCPATH\index.php(56): CodeIgniter\Boot::bootWeb(Object(Config\Paths))
12 SYSTEMPATH\rewrite.php(44): require_once('C:\\xampp\\htdocs\\PanaderiaWeb\\public\\index.php')
INFO - 2024-11-04 00:11:48 --> Session: Class initialized using 'CodeIgniter\Session\Handlers\FileHandler' driver.
INFO - 2024-11-04 00:13:54 --> Session: Class initialized using 'CodeIgniter\Session\Handlers\FileHandler' driver.
CRITICAL - 2024-11-04 00:16:35 --> ErrorException: Undefined variable $usuario
[Method: GET, Route: categorias/edit/5]
in APPPATH\Views\Categorias\edit.php on line 6.
 1 APPPATH\Views\Categorias\edit.php(6): CodeIgniter\Debug\Exceptions->errorHandler(2, 'Undefined variable $usuario', 'C:\\xampp\\htdocs\\PanaderiaWeb\\app\\Views\\Categorias\\edit.php', 6)
 2 SYSTEMPATH\View\View.php(234): include('C:\\xampp\\htdocs\\PanaderiaWeb\\app\\Views\\Categorias\\edit.php')
 3 SYSTEMPATH\View\View.php(237): CodeIgniter\View\View->CodeIgniter\View\{closure}()
 4 SYSTEMPATH\Common.php(1169): CodeIgniter\View\View->render('categorias/edit', [], true)
 5 APPPATH\Controllers\Categorias.php(34): view('categorias/edit', [...])
 6 SYSTEMPATH\CodeIgniter.php(933): App\Controllers\categorias->edit('5')
 7 SYSTEMPATH\CodeIgniter.php(509): CodeIgniter\CodeIgniter->runController(Object(App\Controllers\categorias))
 8 SYSTEMPATH\CodeIgniter.php(355): CodeIgniter\CodeIgniter->handleRequest(null, Object(Config\Cache), false)
 9 SYSTEMPATH\Boot.php(325): CodeIgniter\CodeIgniter->run()
10 SYSTEMPATH\Boot.php(67): CodeIgniter\Boot::runCodeIgniter(Object(CodeIgniter\CodeIgniter))
11 FCPATH\index.php(56): CodeIgniter\Boot::bootWeb(Object(Config\Paths))
12 SYSTEMPATH\rewrite.php(44): require_once('C:\\xampp\\htdocs\\PanaderiaWeb\\public\\index.php')
CRITICAL - 2024-11-04 00:17:19 --> ParseError: syntax error, unexpected single-quoted string "", expecting "," or ";"
[Method: GET, Route: categorias/edit/5]
in APPPATH\Views\Categorias\edit.php on line 10.
 1 SYSTEMPATH\View\View.php(237): CodeIgniter\View\View->CodeIgniter\View\{closure}()
 2 SYSTEMPATH\Common.php(1169): CodeIgniter\View\View->render('categorias/edit', [], true)
 3 APPPATH\Controllers\Categorias.php(34): view('categorias/edit', [...])
 4 SYSTEMPATH\CodeIgniter.php(933): App\Controllers\categorias->edit('5')
 5 SYSTEMPATH\CodeIgniter.php(509): CodeIgniter\CodeIgniter->runController(Object(App\Controllers\categorias))
 6 SYSTEMPATH\CodeIgniter.php(355): CodeIgniter\CodeIgniter->handleRequest(null, Object(Config\Cache), false)
 7 SYSTEMPATH\Boot.php(325): CodeIgniter\CodeIgniter->run()
 8 SYSTEMPATH\Boot.php(67): CodeIgniter\Boot::runCodeIgniter(Object(CodeIgniter\CodeIgniter))
 9 FCPATH\index.php(56): CodeIgniter\Boot::bootWeb(Object(Config\Paths))
10 SYSTEMPATH\rewrite.php(44): require_once('C:\\xampp\\htdocs\\PanaderiaWeb\\public\\index.php')
CRITICAL - 2024-11-04 01:02:20 --> CodeIgniter\View\Exceptions\ViewException: Invalid file: "categoriasEmpleado/show.php"
[Method: GET, Route: categoriasEmpleado]
in SYSTEMPATH\Exceptions\FrameworkException.php on line 41.
 1 SYSTEMPATH\View\View.php(222): CodeIgniter\Exceptions\FrameworkException::forInvalidFile('categoriasEmpleado/show.php')
 2 SYSTEMPATH\Common.php(1169): CodeIgniter\View\View->render('categoriasEmpleado/show', [], true)
 3 APPPATH\Controllers\CategoriasEmpleado.php(16): view('categoriasEmpleado/show', [...])
 4 SYSTEMPATH\CodeIgniter.php(933): App\Controllers\CategoriasEmpleado->index()
 5 SYSTEMPATH\CodeIgniter.php(509): CodeIgniter\CodeIgniter->runController(Object(App\Controllers\CategoriasEmpleado))
 6 SYSTEMPATH\CodeIgniter.php(355): CodeIgniter\CodeIgniter->handleRequest(null, Object(Config\Cache), false)
 7 SYSTEMPATH\Boot.php(325): CodeIgniter\CodeIgniter->run()
 8 SYSTEMPATH\Boot.php(67): CodeIgniter\Boot::runCodeIgniter(Object(CodeIgniter\CodeIgniter))
 9 FCPATH\index.php(56): CodeIgniter\Boot::bootWeb(Object(Config\Paths))
10 SYSTEMPATH\rewrite.php(44): require_once('C:\\xampp\\htdocs\\PanaderiaWeb\\public\\index.php')
CRITICAL - 2024-11-04 01:18:16 --> ErrorException: Undefined variable $categoria
[Method: GET, Route: categorias/add/]
in APPPATH\Views\Categorias\add.php on line 6.
 1 APPPATH\Views\Categorias\add.php(6): CodeIgniter\Debug\Exceptions->errorHandler(2, 'Undefined variable $categoria', 'C:\\xampp\\htdocs\\PanaderiaWeb\\app\\Views\\Categorias\\add.php', 6)
 2 SYSTEMPATH\View\View.php(234): include('C:\\xampp\\htdocs\\PanaderiaWeb\\app\\Views\\Categorias\\add.php')
 3 SYSTEMPATH\View\View.php(237): CodeIgniter\View\View->CodeIgniter\View\{closure}()
 4 SYSTEMPATH\Common.php(1169): CodeIgniter\View\View->render('categorias/add', [], true)
 5 APPPATH\Controllers\Categorias.php(24): view('categorias/add')
 6 SYSTEMPATH\CodeIgniter.php(933): App\Controllers\Categorias->add()
 7 SYSTEMPATH\CodeIgniter.php(509): CodeIgniter\CodeIgniter->runController(Object(App\Controllers\Categorias))
 8 SYSTEMPATH\CodeIgniter.php(355): CodeIgniter\CodeIgniter->handleRequest(null, Object(Config\Cache), false)
 9 SYSTEMPATH\Boot.php(325): CodeIgniter\CodeIgniter->run()
10 SYSTEMPATH\Boot.php(67): CodeIgniter\Boot::runCodeIgniter(Object(CodeIgniter\CodeIgniter))
11 FCPATH\index.php(56): CodeIgniter\Boot::bootWeb(Object(Config\Paths))
12 SYSTEMPATH\rewrite.php(44): require_once('C:\\xampp\\htdocs\\PanaderiaWeb\\public\\index.php')
CRITICAL - 2024-11-04 01:18:55 --> ErrorException: Undefined variable $categoria
[Method: GET, Route: categorias/add/]
in APPPATH\Views\Categorias\add.php on line 6.
 1 APPPATH\Views\Categorias\add.php(6): CodeIgniter\Debug\Exceptions->errorHandler(2, 'Undefined variable $categoria', 'C:\\xampp\\htdocs\\PanaderiaWeb\\app\\Views\\Categorias\\add.php', 6)
 2 SYSTEMPATH\View\View.php(234): include('C:\\xampp\\htdocs\\PanaderiaWeb\\app\\Views\\Categorias\\add.php')
 3 SYSTEMPATH\View\View.php(237): CodeIgniter\View\View->CodeIgniter\View\{closure}()
 4 SYSTEMPATH\Common.php(1169): CodeIgniter\View\View->render('categorias/add', [], true)
 5 APPPATH\Controllers\Categorias.php(24): view('categorias/add')
 6 SYSTEMPATH\CodeIgniter.php(933): App\Controllers\Categorias->add()
 7 SYSTEMPATH\CodeIgniter.php(509): CodeIgniter\CodeIgniter->runController(Object(App\Controllers\Categorias))
 8 SYSTEMPATH\CodeIgniter.php(355): CodeIgniter\CodeIgniter->handleRequest(null, Object(Config\Cache), false)
 9 SYSTEMPATH\Boot.php(325): CodeIgniter\CodeIgniter->run()
10 SYSTEMPATH\Boot.php(67): CodeIgniter\Boot::runCodeIgniter(Object(CodeIgniter\CodeIgniter))
11 FCPATH\index.php(56): CodeIgniter\Boot::bootWeb(Object(Config\Paths))
12 SYSTEMPATH\rewrite.php(44): require_once('C:\\xampp\\htdocs\\PanaderiaWeb\\public\\index.php')
CRITICAL - 2024-11-04 01:19:02 --> ErrorException: Undefined variable $categoria
[Method: GET, Route: categorias/add/]
in APPPATH\Views\Categorias\add.php on line 6.
 1 APPPATH\Views\Categorias\add.php(6): CodeIgniter\Debug\Exceptions->errorHandler(2, 'Undefined variable $categoria', 'C:\\xampp\\htdocs\\PanaderiaWeb\\app\\Views\\Categorias\\add.php', 6)
 2 SYSTEMPATH\View\View.php(234): include('C:\\xampp\\htdocs\\PanaderiaWeb\\app\\Views\\Categorias\\add.php')
 3 SYSTEMPATH\View\View.php(237): CodeIgniter\View\View->CodeIgniter\View\{closure}()
 4 SYSTEMPATH\Common.php(1169): CodeIgniter\View\View->render('categorias/add', [], true)
 5 APPPATH\Controllers\Categorias.php(24): view('categorias/add')
 6 SYSTEMPATH\CodeIgniter.php(933): App\Controllers\Categorias->add()
 7 SYSTEMPATH\CodeIgniter.php(509): CodeIgniter\CodeIgniter->runController(Object(App\Controllers\Categorias))
 8 SYSTEMPATH\CodeIgniter.php(355): CodeIgniter\CodeIgniter->handleRequest(null, Object(Config\Cache), false)
 9 SYSTEMPATH\Boot.php(325): CodeIgniter\CodeIgniter->run()
10 SYSTEMPATH\Boot.php(67): CodeIgniter\Boot::runCodeIgniter(Object(CodeIgniter\CodeIgniter))
11 FCPATH\index.php(56): CodeIgniter\Boot::bootWeb(Object(Config\Paths))
12 SYSTEMPATH\rewrite.php(44): require_once('C:\\xampp\\htdocs\\PanaderiaWeb\\public\\index.php')
INFO - 2024-11-04 01:22:15 --> Session: Class initialized using 'CodeIgniter\Session\Handlers\FileHandler' driver.
INFO - 2024-11-04 01:22:23 --> Session: Class initialized using 'CodeIgniter\Session\Handlers\FileHandler' driver.
INFO - 2024-11-04 01:23:05 --> Session: Class initialized using 'CodeIgniter\Session\Handlers\FileHandler' driver.
INFO - 2024-11-04 01:31:37 --> Session: Class initialized using 'CodeIgniter\Session\Handlers\FileHandler' driver.
INFO - 2024-11-04 01:55:47 --> Session: Class initialized using 'CodeIgniter\Session\Handlers\FileHandler' driver.
CRITICAL - 2024-11-04 02:11:02 --> CodeIgniter\View\Exceptions\ViewException: Invalid file: "localEmpleado/show.php"
[Method: GET, Route: localesEmpleado]
in SYSTEMPATH\Exceptions\FrameworkException.php on line 41.
 1 SYSTEMPATH\View\View.php(222): CodeIgniter\Exceptions\FrameworkException::forInvalidFile('localEmpleado/show.php')
 2 SYSTEMPATH\Common.php(1169): CodeIgniter\View\View->render('localEmpleado/show', [], true)
 3 APPPATH\Controllers\LocalesEmpleado.php(18): view('localEmpleado/show', [...])
 4 SYSTEMPATH\CodeIgniter.php(933): App\Controllers\LocalesEmpleado->index()
 5 SYSTEMPATH\CodeIgniter.php(509): CodeIgniter\CodeIgniter->runController(Object(App\Controllers\LocalesEmpleado))
 6 SYSTEMPATH\CodeIgniter.php(355): CodeIgniter\CodeIgniter->handleRequest(null, Object(Config\Cache), false)
 7 SYSTEMPATH\Boot.php(325): CodeIgniter\CodeIgniter->run()
 8 SYSTEMPATH\Boot.php(67): CodeIgniter\Boot::runCodeIgniter(Object(CodeIgniter\CodeIgniter))
 9 FCPATH\index.php(56): CodeIgniter\Boot::bootWeb(Object(Config\Paths))
10 SYSTEMPATH\rewrite.php(44): require_once('C:\\xampp\\htdocs\\PanaderiaWeb\\public\\index.php')
CRITICAL - 2024-11-04 02:16:46 --> CodeIgniter\View\Exceptions\ViewException: Invalid file: "localEmpleado/show.php"
[Method: GET, Route: localesEmpleado]
in SYSTEMPATH\Exceptions\FrameworkException.php on line 41.
 1 SYSTEMPATH\View\View.php(222): CodeIgniter\Exceptions\FrameworkException::forInvalidFile('localEmpleado/show.php')
 2 SYSTEMPATH\Common.php(1169): CodeIgniter\View\View->render('localEmpleado/show', [], true)
 3 APPPATH\Controllers\LocalesEmpleado.php(18): view('localEmpleado/show', [...])
 4 SYSTEMPATH\CodeIgniter.php(933): App\Controllers\LocalesEmpleado->index()
 5 SYSTEMPATH\CodeIgniter.php(509): CodeIgniter\CodeIgniter->runController(Object(App\Controllers\LocalesEmpleado))
 6 SYSTEMPATH\CodeIgniter.php(355): CodeIgniter\CodeIgniter->handleRequest(null, Object(Config\Cache), false)
 7 SYSTEMPATH\Boot.php(325): CodeIgniter\CodeIgniter->run()
 8 SYSTEMPATH\Boot.php(67): CodeIgniter\Boot::runCodeIgniter(Object(CodeIgniter\CodeIgniter))
 9 FCPATH\index.php(56): CodeIgniter\Boot::bootWeb(Object(Config\Paths))
10 SYSTEMPATH\rewrite.php(44): require_once('C:\\xampp\\htdocs\\PanaderiaWeb\\public\\index.php')
INFO - 2024-11-04 02:22:52 --> Session: Class initialized using 'CodeIgniter\Session\Handlers\FileHandler' driver.
CRITICAL - 2024-11-04 15:57:53 --> CodeIgniter\View\Exceptions\ViewException: Invalid file: "localEmpleado/edit.php"
[Method: GET, Route: localesEmpleado/edit/12]
in SYSTEMPATH\Exceptions\FrameworkException.php on line 41.
 1 SYSTEMPATH\View\View.php(222): CodeIgniter\Exceptions\FrameworkException::forInvalidFile('localEmpleado/edit.php')
 2 SYSTEMPATH\Common.php(1169): CodeIgniter\View\View->render('localEmpleado/edit', [], true)
 3 APPPATH\Controllers\LocalesEmpleado.php(53): view('localEmpleado/edit', [...])
 4 SYSTEMPATH\CodeIgniter.php(933): App\Controllers\LocalesEmpleado->edit('12')
 5 SYSTEMPATH\CodeIgniter.php(509): CodeIgniter\CodeIgniter->runController(Object(App\Controllers\LocalesEmpleado))
 6 SYSTEMPATH\CodeIgniter.php(355): CodeIgniter\CodeIgniter->handleRequest(null, Object(Config\Cache), false)
 7 SYSTEMPATH\Boot.php(325): CodeIgniter\CodeIgniter->run()
 8 SYSTEMPATH\Boot.php(67): CodeIgniter\Boot::runCodeIgniter(Object(CodeIgniter\CodeIgniter))
 9 FCPATH\index.php(56): CodeIgniter\Boot::bootWeb(Object(Config\Paths))
10 SYSTEMPATH\rewrite.php(44): require_once('C:\\xampp\\htdocs\\PanaderiaWeb\\public\\index.php')
INFO - 2024-11-04 16:20:16 --> Session: Class initialized using 'CodeIgniter\Session\Handlers\FileHandler' driver.
INFO - 2024-11-04 16:20:28 --> Session: Class initialized using 'CodeIgniter\Session\Handlers\FileHandler' driver.
