INFO - 2024-11-19 00:31:57 --> Session: Class initialized using 'CodeIgniter\Session\Handlers\FileHandler' driver.
CRITICAL - 2024-11-19 00:43:23 --> ErrorException: Undefined variable $nombre
[Method: GET, Route: locales]
in APPPATH\Views\menu.php on line 40.
 1 APPPATH\Views\menu.php(40): CodeIgniter\Debug\Exceptions->errorHandler(2, 'Undefined variable $nombre', 'C:\\xampp\\htdocs\\PanaderiaWeb\\app\\Views\\menu.php', 40)
 2 SYSTEMPATH\View\View.php(234): include('C:\\xampp\\htdocs\\PanaderiaWeb\\app\\Views\\menu.php')
 3 SYSTEMPATH\View\View.php(237): CodeIgniter\View\View->CodeIgniter\View\{closure}()
 4 SYSTEMPATH\Common.php(1169): CodeIgniter\View\View->render('menu', [], true)
 5 APPPATH\Controllers\Locales.php(17): view('menu')
 6 SYSTEMPATH\CodeIgniter.php(933): App\Controllers\Locales->index()
 7 SYSTEMPATH\CodeIgniter.php(509): CodeIgniter\CodeIgniter->runController(Object(App\Controllers\Locales))
 8 SYSTEMPATH\CodeIgniter.php(355): CodeIgniter\CodeIgniter->handleRequest(null, Object(Config\Cache), false)
 9 SYSTEMPATH\Boot.php(325): CodeIgniter\CodeIgniter->run()
10 SYSTEMPATH\Boot.php(67): CodeIgniter\Boot::runCodeIgniter(Object(CodeIgniter\CodeIgniter))
11 FCPATH\index.php(56): CodeIgniter\Boot::bootWeb(Object(Config\Paths))
12 SYSTEMPATH\rewrite.php(44): require_once('C:\\xampp\\htdocs\\PanaderiaWeb\\public\\index.php')
CRITICAL - 2024-11-19 00:43:28 --> ErrorException: Undefined variable $nombre
[Method: GET, Route: locales]
in APPPATH\Views\menu.php on line 40.
 1 APPPATH\Views\menu.php(40): CodeIgniter\Debug\Exceptions->errorHandler(2, 'Undefined variable $nombre', 'C:\\xampp\\htdocs\\PanaderiaWeb\\app\\Views\\menu.php', 40)
 2 SYSTEMPATH\View\View.php(234): include('C:\\xampp\\htdocs\\PanaderiaWeb\\app\\Views\\menu.php')
 3 SYSTEMPATH\View\View.php(237): CodeIgniter\View\View->CodeIgniter\View\{closure}()
 4 SYSTEMPATH\Common.php(1169): CodeIgniter\View\View->render('menu', [], true)
 5 APPPATH\Controllers\Locales.php(17): view('menu')
 6 SYSTEMPATH\CodeIgniter.php(933): App\Controllers\Locales->index()
 7 SYSTEMPATH\CodeIgniter.php(509): CodeIgniter\CodeIgniter->runController(Object(App\Controllers\Locales))
 8 SYSTEMPATH\CodeIgniter.php(355): CodeIgniter\CodeIgniter->handleRequest(null, Object(Config\Cache), false)
 9 SYSTEMPATH\Boot.php(325): CodeIgniter\CodeIgniter->run()
10 SYSTEMPATH\Boot.php(67): CodeIgniter\Boot::runCodeIgniter(Object(CodeIgniter\CodeIgniter))
11 FCPATH\index.php(56): CodeIgniter\Boot::bootWeb(Object(Config\Paths))
12 SYSTEMPATH\rewrite.php(44): require_once('C:\\xampp\\htdocs\\PanaderiaWeb\\public\\index.php')
CRITICAL - 2024-11-19 00:47:50 --> ErrorException: Undefined variable $nombre
[Method: GET, Route: locales/add/]
in APPPATH\Views\menu.php on line 3.
 1 APPPATH\Views\menu.php(3): CodeIgniter\Debug\Exceptions->errorHandler(2, 'Undefined variable $nombre', 'C:\\xampp\\htdocs\\PanaderiaWeb\\app\\Views\\menu.php', 3)
 2 SYSTEMPATH\View\View.php(234): include('C:\\xampp\\htdocs\\PanaderiaWeb\\app\\Views\\menu.php')
 3 SYSTEMPATH\View\View.php(237): CodeIgniter\View\View->CodeIgniter\View\{closure}()
 4 SYSTEMPATH\Common.php(1169): CodeIgniter\View\View->render('menu', [], true)
 5 APPPATH\Controllers\Locales.php(26): view('menu')
 6 SYSTEMPATH\CodeIgniter.php(933): App\Controllers\Locales->add()
 7 SYSTEMPATH\CodeIgniter.php(509): CodeIgniter\CodeIgniter->runController(Object(App\Controllers\Locales))
 8 SYSTEMPATH\CodeIgniter.php(355): CodeIgniter\CodeIgniter->handleRequest(null, Object(Config\Cache), false)
 9 SYSTEMPATH\Boot.php(325): CodeIgniter\CodeIgniter->run()
10 SYSTEMPATH\Boot.php(67): CodeIgniter\Boot::runCodeIgniter(Object(CodeIgniter\CodeIgniter))
11 FCPATH\index.php(56): CodeIgniter\Boot::bootWeb(Object(Config\Paths))
12 SYSTEMPATH\rewrite.php(44): require_once('C:\\xampp\\htdocs\\PanaderiaWeb\\public\\index.php')
CRITICAL - 2024-11-19 00:47:54 --> ErrorException: Undefined variable $nombre
[Method: GET, Route: locales/edit/1]
in APPPATH\Views\menu.php on line 3.
 1 APPPATH\Views\menu.php(3): CodeIgniter\Debug\Exceptions->errorHandler(2, 'Undefined variable $nombre', 'C:\\xampp\\htdocs\\PanaderiaWeb\\app\\Views\\menu.php', 3)
 2 SYSTEMPATH\View\View.php(234): include('C:\\xampp\\htdocs\\PanaderiaWeb\\app\\Views\\menu.php')
 3 SYSTEMPATH\View\View.php(237): CodeIgniter\View\View->CodeIgniter\View\{closure}()
 4 SYSTEMPATH\Common.php(1169): CodeIgniter\View\View->render('menu', [], true)
 5 APPPATH\Controllers\Locales.php(55): view('menu')
 6 SYSTEMPATH\CodeIgniter.php(933): App\Controllers\Locales->edit('1')
 7 SYSTEMPATH\CodeIgniter.php(509): CodeIgniter\CodeIgniter->runController(Object(App\Controllers\Locales))
 8 SYSTEMPATH\CodeIgniter.php(355): CodeIgniter\CodeIgniter->handleRequest(null, Object(Config\Cache), false)
 9 SYSTEMPATH\Boot.php(325): CodeIgniter\CodeIgniter->run()
10 SYSTEMPATH\Boot.php(67): CodeIgniter\Boot::runCodeIgniter(Object(CodeIgniter\CodeIgniter))
11 FCPATH\index.php(56): CodeIgniter\Boot::bootWeb(Object(Config\Paths))
12 SYSTEMPATH\rewrite.php(44): require_once('C:\\xampp\\htdocs\\PanaderiaWeb\\public\\index.php')
CRITICAL - 2024-11-19 00:47:56 --> ErrorException: Undefined variable $nombre
[Method: GET, Route: locales/edit/2]
in APPPATH\Views\menu.php on line 3.
 1 APPPATH\Views\menu.php(3): CodeIgniter\Debug\Exceptions->errorHandler(2, 'Undefined variable $nombre', 'C:\\xampp\\htdocs\\PanaderiaWeb\\app\\Views\\menu.php', 3)
 2 SYSTEMPATH\View\View.php(234): include('C:\\xampp\\htdocs\\PanaderiaWeb\\app\\Views\\menu.php')
 3 SYSTEMPATH\View\View.php(237): CodeIgniter\View\View->CodeIgniter\View\{closure}()
 4 SYSTEMPATH\Common.php(1169): CodeIgniter\View\View->render('menu', [], true)
 5 APPPATH\Controllers\Locales.php(55): view('menu')
 6 SYSTEMPATH\CodeIgniter.php(933): App\Controllers\Locales->edit('2')
 7 SYSTEMPATH\CodeIgniter.php(509): CodeIgniter\CodeIgniter->runController(Object(App\Controllers\Locales))
 8 SYSTEMPATH\CodeIgniter.php(355): CodeIgniter\CodeIgniter->handleRequest(null, Object(Config\Cache), false)
 9 SYSTEMPATH\Boot.php(325): CodeIgniter\CodeIgniter->run()
10 SYSTEMPATH\Boot.php(67): CodeIgniter\Boot::runCodeIgniter(Object(CodeIgniter\CodeIgniter))
11 FCPATH\index.php(56): CodeIgniter\Boot::bootWeb(Object(Config\Paths))
12 SYSTEMPATH\rewrite.php(44): require_once('C:\\xampp\\htdocs\\PanaderiaWeb\\public\\index.php')
CRITICAL - 2024-11-19 00:48:08 --> ErrorException: Undefined variable $nombre
[Method: GET, Route: locales/add/]
in APPPATH\Views\menu.php on line 3.
 1 APPPATH\Views\menu.php(3): CodeIgniter\Debug\Exceptions->errorHandler(2, 'Undefined variable $nombre', 'C:\\xampp\\htdocs\\PanaderiaWeb\\app\\Views\\menu.php', 3)
 2 SYSTEMPATH\View\View.php(234): include('C:\\xampp\\htdocs\\PanaderiaWeb\\app\\Views\\menu.php')
 3 SYSTEMPATH\View\View.php(237): CodeIgniter\View\View->CodeIgniter\View\{closure}()
 4 SYSTEMPATH\Common.php(1169): CodeIgniter\View\View->render('menu', [], true)
 5 APPPATH\Controllers\Locales.php(26): view('menu')
 6 SYSTEMPATH\CodeIgniter.php(933): App\Controllers\Locales->add()
 7 SYSTEMPATH\CodeIgniter.php(509): CodeIgniter\CodeIgniter->runController(Object(App\Controllers\Locales))
 8 SYSTEMPATH\CodeIgniter.php(355): CodeIgniter\CodeIgniter->handleRequest(null, Object(Config\Cache), false)
 9 SYSTEMPATH\Boot.php(325): CodeIgniter\CodeIgniter->run()
10 SYSTEMPATH\Boot.php(67): CodeIgniter\Boot::runCodeIgniter(Object(CodeIgniter\CodeIgniter))
11 FCPATH\index.php(56): CodeIgniter\Boot::bootWeb(Object(Config\Paths))
12 SYSTEMPATH\rewrite.php(44): require_once('C:\\xampp\\htdocs\\PanaderiaWeb\\public\\index.php')
CRITICAL - 2024-11-19 00:48:54 --> ErrorException: Undefined variable $nombre
[Method: GET, Route: productos]
in APPPATH\Views\menu.php on line 3.
 1 APPPATH\Views\menu.php(3): CodeIgniter\Debug\Exceptions->errorHandler(2, 'Undefined variable $nombre', 'C:\\xampp\\htdocs\\PanaderiaWeb\\app\\Views\\menu.php', 3)
 2 SYSTEMPATH\View\View.php(234): include('C:\\xampp\\htdocs\\PanaderiaWeb\\app\\Views\\menu.php')
 3 SYSTEMPATH\View\View.php(237): CodeIgniter\View\View->CodeIgniter\View\{closure}()
 4 SYSTEMPATH\Common.php(1169): CodeIgniter\View\View->render('menu', [], true)
 5 APPPATH\Controllers\Productos.php(21): view('menu')
 6 SYSTEMPATH\CodeIgniter.php(933): App\Controllers\Productos->index()
 7 SYSTEMPATH\CodeIgniter.php(509): CodeIgniter\CodeIgniter->runController(Object(App\Controllers\Productos))
 8 SYSTEMPATH\CodeIgniter.php(355): CodeIgniter\CodeIgniter->handleRequest(null, Object(Config\Cache), false)
 9 SYSTEMPATH\Boot.php(325): CodeIgniter\CodeIgniter->run()
10 SYSTEMPATH\Boot.php(67): CodeIgniter\Boot::runCodeIgniter(Object(CodeIgniter\CodeIgniter))
11 FCPATH\index.php(56): CodeIgniter\Boot::bootWeb(Object(Config\Paths))
12 SYSTEMPATH\rewrite.php(44): require_once('C:\\xampp\\htdocs\\PanaderiaWeb\\public\\index.php')
CRITICAL - 2024-11-19 00:49:12 --> ErrorException: Undefined variable $nombre
[Method: GET, Route: categoriasEmpleado]
in APPPATH\Views\menu.php on line 3.
 1 APPPATH\Views\menu.php(3): CodeIgniter\Debug\Exceptions->errorHandler(2, 'Undefined variable $nombre', 'C:\\xampp\\htdocs\\PanaderiaWeb\\app\\Views\\menu.php', 3)
 2 SYSTEMPATH\View\View.php(234): include('C:\\xampp\\htdocs\\PanaderiaWeb\\app\\Views\\menu.php')
 3 SYSTEMPATH\View\View.php(237): CodeIgniter\View\View->CodeIgniter\View\{closure}()
 4 SYSTEMPATH\Common.php(1169): CodeIgniter\View\View->render('menu', [], true)
 5 APPPATH\Controllers\CategoriasEmpleado.php(15): view('menu')
 6 SYSTEMPATH\CodeIgniter.php(933): App\Controllers\CategoriasEmpleado->index()
 7 SYSTEMPATH\CodeIgniter.php(509): CodeIgniter\CodeIgniter->runController(Object(App\Controllers\CategoriasEmpleado))
 8 SYSTEMPATH\CodeIgniter.php(355): CodeIgniter\CodeIgniter->handleRequest(null, Object(Config\Cache), false)
 9 SYSTEMPATH\Boot.php(325): CodeIgniter\CodeIgniter->run()
10 SYSTEMPATH\Boot.php(67): CodeIgniter\Boot::runCodeIgniter(Object(CodeIgniter\CodeIgniter))
11 FCPATH\index.php(56): CodeIgniter\Boot::bootWeb(Object(Config\Paths))
12 SYSTEMPATH\rewrite.php(44): require_once('C:\\xampp\\htdocs\\PanaderiaWeb\\public\\index.php')
CRITICAL - 2024-11-19 00:49:15 --> ErrorException: Undefined variable $nombre
[Method: GET, Route: categorias]
in APPPATH\Views\menu.php on line 3.
 1 APPPATH\Views\menu.php(3): CodeIgniter\Debug\Exceptions->errorHandler(2, 'Undefined variable $nombre', 'C:\\xampp\\htdocs\\PanaderiaWeb\\app\\Views\\menu.php', 3)
 2 SYSTEMPATH\View\View.php(234): include('C:\\xampp\\htdocs\\PanaderiaWeb\\app\\Views\\menu.php')
 3 SYSTEMPATH\View\View.php(237): CodeIgniter\View\View->CodeIgniter\View\{closure}()
 4 SYSTEMPATH\Common.php(1169): CodeIgniter\View\View->render('menu', [], true)
 5 APPPATH\Controllers\Categorias.php(15): view('menu')
 6 SYSTEMPATH\CodeIgniter.php(933): App\Controllers\Categorias->index()
 7 SYSTEMPATH\CodeIgniter.php(509): CodeIgniter\CodeIgniter->runController(Object(App\Controllers\Categorias))
 8 SYSTEMPATH\CodeIgniter.php(355): CodeIgniter\CodeIgniter->handleRequest(null, Object(Config\Cache), false)
 9 SYSTEMPATH\Boot.php(325): CodeIgniter\CodeIgniter->run()
10 SYSTEMPATH\Boot.php(67): CodeIgniter\Boot::runCodeIgniter(Object(CodeIgniter\CodeIgniter))
11 FCPATH\index.php(56): CodeIgniter\Boot::bootWeb(Object(Config\Paths))
12 SYSTEMPATH\rewrite.php(44): require_once('C:\\xampp\\htdocs\\PanaderiaWeb\\public\\index.php')
INFO - 2024-11-19 00:49:49 --> Session: Class initialized using 'CodeIgniter\Session\Handlers\FileHandler' driver.
INFO - 2024-11-19 01:04:01 --> Session: Class initialized using 'CodeIgniter\Session\Handlers\FileHandler' driver.
INFO - 2024-11-19 01:09:22 --> Session: Class initialized using 'CodeIgniter\Session\Handlers\FileHandler' driver.
CRITICAL - 2024-11-19 01:35:36 --> Error: Cannot use object of type stdClass as array
[Method: GET, Route: locales/show/1]
in APPPATH\Views\localC\show.php on line 9.
 1 SYSTEMPATH\View\View.php(234): include()
 2 SYSTEMPATH\View\View.php(237): CodeIgniter\View\View->CodeIgniter\View\{closure}()
 3 SYSTEMPATH\Common.php(1169): CodeIgniter\View\View->render('localC/show', [], true)
 4 APPPATH\Controllers\LocalesController.php(20): view('localC/show', [...])
 5 SYSTEMPATH\CodeIgniter.php(933): App\Controllers\LocalesController->show('1')
 6 SYSTEMPATH\CodeIgniter.php(509): CodeIgniter\CodeIgniter->runController(Object(App\Controllers\LocalesController))
 7 SYSTEMPATH\CodeIgniter.php(355): CodeIgniter\CodeIgniter->handleRequest(null, Object(Config\Cache), false)
 8 SYSTEMPATH\Boot.php(325): CodeIgniter\CodeIgniter->run()
 9 SYSTEMPATH\Boot.php(67): CodeIgniter\Boot::runCodeIgniter(Object(CodeIgniter\CodeIgniter))
10 FCPATH\index.php(56): CodeIgniter\Boot::bootWeb(Object(Config\Paths))
11 SYSTEMPATH\rewrite.php(44): require_once('C:\\xampp\\htdocs\\PanaderiaWeb\\public\\index.php')
CRITICAL - 2024-11-19 02:02:50 --> ErrorException: Undefined variable $locales
[Method: GET, Route: producto/add/]
in APPPATH\Views\producto\add.php on line 34.
 1 APPPATH\Views\producto\add.php(34): CodeIgniter\Debug\Exceptions->errorHandler(2, 'Undefined variable $locales', 'C:\\xampp\\htdocs\\PanaderiaWeb\\app\\Views\\producto\\add.php', 34)
 2 SYSTEMPATH\View\View.php(234): include('C:\\xampp\\htdocs\\PanaderiaWeb\\app\\Views\\producto\\add.php')
 3 SYSTEMPATH\View\View.php(237): CodeIgniter\View\View->CodeIgniter\View\{closure}()
 4 SYSTEMPATH\Common.php(1169): CodeIgniter\View\View->render('producto/add', [], true)
 5 APPPATH\Controllers\Productos.php(34): view('producto/add', [...])
 6 SYSTEMPATH\CodeIgniter.php(933): App\Controllers\Productos->add()
 7 SYSTEMPATH\CodeIgniter.php(509): CodeIgniter\CodeIgniter->runController(Object(App\Controllers\Productos))
 8 SYSTEMPATH\CodeIgniter.php(355): CodeIgniter\CodeIgniter->handleRequest(null, Object(Config\Cache), false)
 9 SYSTEMPATH\Boot.php(325): CodeIgniter\CodeIgniter->run()
10 SYSTEMPATH\Boot.php(67): CodeIgniter\Boot::runCodeIgniter(Object(CodeIgniter\CodeIgniter))
11 FCPATH\index.php(56): CodeIgniter\Boot::bootWeb(Object(Config\Paths))
12 SYSTEMPATH\rewrite.php(44): require_once('C:\\xampp\\htdocs\\PanaderiaWeb\\public\\index.php')
CRITICAL - 2024-11-19 02:04:19 --> ErrorException: Undefined variable $locales
[Method: GET, Route: producto/add/]
in APPPATH\Views\producto\add.php on line 5.
 1 APPPATH\Views\producto\add.php(5): CodeIgniter\Debug\Exceptions->errorHandler(2, 'Undefined variable $locales', 'C:\\xampp\\htdocs\\PanaderiaWeb\\app\\Views\\producto\\add.php', 5)
 2 SYSTEMPATH\View\View.php(234): include('C:\\xampp\\htdocs\\PanaderiaWeb\\app\\Views\\producto\\add.php')
 3 SYSTEMPATH\View\View.php(237): CodeIgniter\View\View->CodeIgniter\View\{closure}()
 4 SYSTEMPATH\Common.php(1169): CodeIgniter\View\View->render('producto/add', [], true)
 5 APPPATH\Controllers\Productos.php(34): view('producto/add', [...])
 6 SYSTEMPATH\CodeIgniter.php(933): App\Controllers\Productos->add()
 7 SYSTEMPATH\CodeIgniter.php(509): CodeIgniter\CodeIgniter->runController(Object(App\Controllers\Productos))
 8 SYSTEMPATH\CodeIgniter.php(355): CodeIgniter\CodeIgniter->handleRequest(null, Object(Config\Cache), false)
 9 SYSTEMPATH\Boot.php(325): CodeIgniter\CodeIgniter->run()
10 SYSTEMPATH\Boot.php(67): CodeIgniter\Boot::runCodeIgniter(Object(CodeIgniter\CodeIgniter))
11 FCPATH\index.php(56): CodeIgniter\Boot::bootWeb(Object(Config\Paths))
12 SYSTEMPATH\rewrite.php(44): require_once('C:\\xampp\\htdocs\\PanaderiaWeb\\public\\index.php')
CRITICAL - 2024-11-19 02:10:06 --> ErrorException: Undefined variable $locales
[Method: GET, Route: producto/add/]
in APPPATH\Views\producto\add.php on line 5.
 1 APPPATH\Views\producto\add.php(5): CodeIgniter\Debug\Exceptions->errorHandler(2, 'Undefined variable $locales', 'C:\\xampp\\htdocs\\PanaderiaWeb\\app\\Views\\producto\\add.php', 5)
 2 SYSTEMPATH\View\View.php(234): include('C:\\xampp\\htdocs\\PanaderiaWeb\\app\\Views\\producto\\add.php')
 3 SYSTEMPATH\View\View.php(237): CodeIgniter\View\View->CodeIgniter\View\{closure}()
 4 SYSTEMPATH\Common.php(1169): CodeIgniter\View\View->render('producto/add', [], true)
 5 APPPATH\Controllers\Productos.php(34): view('producto/add', [...])
 6 SYSTEMPATH\CodeIgniter.php(933): App\Controllers\Productos->add()
 7 SYSTEMPATH\CodeIgniter.php(509): CodeIgniter\CodeIgniter->runController(Object(App\Controllers\Productos))
 8 SYSTEMPATH\CodeIgniter.php(355): CodeIgniter\CodeIgniter->handleRequest(null, Object(Config\Cache), false)
 9 SYSTEMPATH\Boot.php(325): CodeIgniter\CodeIgniter->run()
10 SYSTEMPATH\Boot.php(67): CodeIgniter\Boot::runCodeIgniter(Object(CodeIgniter\CodeIgniter))
11 FCPATH\index.php(56): CodeIgniter\Boot::bootWeb(Object(Config\Paths))
12 SYSTEMPATH\rewrite.php(44): require_once('C:\\xampp\\htdocs\\PanaderiaWeb\\public\\index.php')
CRITICAL - 2024-11-19 02:11:28 --> ErrorException: Undefined variable $locales
[Method: GET, Route: producto/add/]
in APPPATH\Views\producto\add.php on line 33.
 1 APPPATH\Views\producto\add.php(33): CodeIgniter\Debug\Exceptions->errorHandler(2, 'Undefined variable $locales', 'C:\\xampp\\htdocs\\PanaderiaWeb\\app\\Views\\producto\\add.php', 33)
 2 SYSTEMPATH\View\View.php(234): include('C:\\xampp\\htdocs\\PanaderiaWeb\\app\\Views\\producto\\add.php')
 3 SYSTEMPATH\View\View.php(237): CodeIgniter\View\View->CodeIgniter\View\{closure}()
 4 SYSTEMPATH\Common.php(1169): CodeIgniter\View\View->render('producto/add', [], true)
 5 APPPATH\Controllers\Productos.php(34): view('producto/add', [...])
 6 SYSTEMPATH\CodeIgniter.php(933): App\Controllers\Productos->add()
 7 SYSTEMPATH\CodeIgniter.php(509): CodeIgniter\CodeIgniter->runController(Object(App\Controllers\Productos))
 8 SYSTEMPATH\CodeIgniter.php(355): CodeIgniter\CodeIgniter->handleRequest(null, Object(Config\Cache), false)
 9 SYSTEMPATH\Boot.php(325): CodeIgniter\CodeIgniter->run()
10 SYSTEMPATH\Boot.php(67): CodeIgniter\Boot::runCodeIgniter(Object(CodeIgniter\CodeIgniter))
11 FCPATH\index.php(56): CodeIgniter\Boot::bootWeb(Object(Config\Paths))
12 SYSTEMPATH\rewrite.php(44): require_once('C:\\xampp\\htdocs\\PanaderiaWeb\\public\\index.php')
CRITICAL - 2024-11-19 02:11:28 --> ErrorException: Undefined variable $locales
[Method: GET, Route: producto/add/]
in APPPATH\Views\producto\add.php on line 33.
 1 APPPATH\Views\producto\add.php(33): CodeIgniter\Debug\Exceptions->errorHandler(2, 'Undefined variable $locales', 'C:\\xampp\\htdocs\\PanaderiaWeb\\app\\Views\\producto\\add.php', 33)
 2 SYSTEMPATH\View\View.php(234): include('C:\\xampp\\htdocs\\PanaderiaWeb\\app\\Views\\producto\\add.php')
 3 SYSTEMPATH\View\View.php(237): CodeIgniter\View\View->CodeIgniter\View\{closure}()
 4 SYSTEMPATH\Common.php(1169): CodeIgniter\View\View->render('producto/add', [], true)
 5 APPPATH\Controllers\Productos.php(34): view('producto/add', [...])
 6 SYSTEMPATH\CodeIgniter.php(933): App\Controllers\Productos->add()
 7 SYSTEMPATH\CodeIgniter.php(509): CodeIgniter\CodeIgniter->runController(Object(App\Controllers\Productos))
 8 SYSTEMPATH\CodeIgniter.php(355): CodeIgniter\CodeIgniter->handleRequest(null, Object(Config\Cache), false)
 9 SYSTEMPATH\Boot.php(325): CodeIgniter\CodeIgniter->run()
10 SYSTEMPATH\Boot.php(67): CodeIgniter\Boot::runCodeIgniter(Object(CodeIgniter\CodeIgniter))
11 FCPATH\index.php(56): CodeIgniter\Boot::bootWeb(Object(Config\Paths))
12 SYSTEMPATH\rewrite.php(44): require_once('C:\\xampp\\htdocs\\PanaderiaWeb\\public\\index.php')
CRITICAL - 2024-11-19 02:15:02 --> ErrorException: Undefined variable $locales
[Method: GET, Route: producto/add/]
in APPPATH\Views\producto\add.php on line 33.
 1 APPPATH\Views\producto\add.php(33): CodeIgniter\Debug\Exceptions->errorHandler(2, 'Undefined variable $locales', 'C:\\xampp\\htdocs\\PanaderiaWeb\\app\\Views\\producto\\add.php', 33)
 2 SYSTEMPATH\View\View.php(234): include('C:\\xampp\\htdocs\\PanaderiaWeb\\app\\Views\\producto\\add.php')
 3 SYSTEMPATH\View\View.php(237): CodeIgniter\View\View->CodeIgniter\View\{closure}()
 4 SYSTEMPATH\Common.php(1169): CodeIgniter\View\View->render('producto/add', [], true)
 5 APPPATH\Controllers\Productos.php(34): view('producto/add', [...])
 6 SYSTEMPATH\CodeIgniter.php(933): App\Controllers\Productos->add()
 7 SYSTEMPATH\CodeIgniter.php(509): CodeIgniter\CodeIgniter->runController(Object(App\Controllers\Productos))
 8 SYSTEMPATH\CodeIgniter.php(355): CodeIgniter\CodeIgniter->handleRequest(null, Object(Config\Cache), false)
 9 SYSTEMPATH\Boot.php(325): CodeIgniter\CodeIgniter->run()
10 SYSTEMPATH\Boot.php(67): CodeIgniter\Boot::runCodeIgniter(Object(CodeIgniter\CodeIgniter))
11 FCPATH\index.php(56): CodeIgniter\Boot::bootWeb(Object(Config\Paths))
12 SYSTEMPATH\rewrite.php(44): require_once('C:\\xampp\\htdocs\\PanaderiaWeb\\public\\index.php')
CRITICAL - 2024-11-19 02:15:51 --> ErrorException: Undefined property: stdClass::$nombreCategoria
[Method: GET, Route: producto/edit/16]
in APPPATH\Views\producto\edit.php on line 30.
 1 APPPATH\Views\producto\edit.php(30): CodeIgniter\Debug\Exceptions->errorHandler(2, 'Undefined property: stdClass::$nombreCategoria', 'C:\\xampp\\htdocs\\PanaderiaWeb\\app\\Views\\producto\\edit.php', 30)
 2 SYSTEMPATH\View\View.php(234): include('C:\\xampp\\htdocs\\PanaderiaWeb\\app\\Views\\producto\\edit.php')
 3 SYSTEMPATH\View\View.php(237): CodeIgniter\View\View->CodeIgniter\View\{closure}()
 4 SYSTEMPATH\Common.php(1169): CodeIgniter\View\View->render('producto/edit', [], true)
 5 APPPATH\Controllers\Productos.php(45): view('producto/edit', [...])
 6 SYSTEMPATH\CodeIgniter.php(933): App\Controllers\Productos->edit('16')
 7 SYSTEMPATH\CodeIgniter.php(509): CodeIgniter\CodeIgniter->runController(Object(App\Controllers\Productos))
 8 SYSTEMPATH\CodeIgniter.php(355): CodeIgniter\CodeIgniter->handleRequest(null, Object(Config\Cache), false)
 9 SYSTEMPATH\Boot.php(325): CodeIgniter\CodeIgniter->run()
10 SYSTEMPATH\Boot.php(67): CodeIgniter\Boot::runCodeIgniter(Object(CodeIgniter\CodeIgniter))
11 FCPATH\index.php(56): CodeIgniter\Boot::bootWeb(Object(Config\Paths))
12 SYSTEMPATH\rewrite.php(44): require_once('C:\\xampp\\htdocs\\PanaderiaWeb\\public\\index.php')
CRITICAL - 2024-11-19 02:19:32 --> Error: Cannot use object of type stdClass as array
[Method: GET, Route: producto/add/]
in APPPATH\Views\producto\add.php on line 24.
 1 SYSTEMPATH\View\View.php(234): include()
 2 SYSTEMPATH\View\View.php(237): CodeIgniter\View\View->CodeIgniter\View\{closure}()
 3 SYSTEMPATH\Common.php(1169): CodeIgniter\View\View->render('producto/add', [], true)
 4 APPPATH\Controllers\Productos.php(34): view('producto/add', [...])
 5 SYSTEMPATH\CodeIgniter.php(933): App\Controllers\Productos->add()
 6 SYSTEMPATH\CodeIgniter.php(509): CodeIgniter\CodeIgniter->runController(Object(App\Controllers\Productos))
 7 SYSTEMPATH\CodeIgniter.php(355): CodeIgniter\CodeIgniter->handleRequest(null, Object(Config\Cache), false)
 8 SYSTEMPATH\Boot.php(325): CodeIgniter\CodeIgniter->run()
 9 SYSTEMPATH\Boot.php(67): CodeIgniter\Boot::runCodeIgniter(Object(CodeIgniter\CodeIgniter))
10 FCPATH\index.php(56): CodeIgniter\Boot::bootWeb(Object(Config\Paths))
11 SYSTEMPATH\rewrite.php(44): require_once('C:\\xampp\\htdocs\\PanaderiaWeb\\public\\index.php')
CRITICAL - 2024-11-19 02:29:10 --> ErrorException: Attempt to read property "idProducto" on array
[Method: GET, Route: productos]
in APPPATH\Views\producto\show.php on line 6.
 1 APPPATH\Views\producto\show.php(6): CodeIgniter\Debug\Exceptions->errorHandler(2, 'Attempt to read property "idProducto" on array', 'C:\\xampp\\htdocs\\PanaderiaWeb\\app\\Views\\producto\\show.php', 6)
 2 SYSTEMPATH\View\View.php(234): include('C:\\xampp\\htdocs\\PanaderiaWeb\\app\\Views\\producto\\show.php')
 3 SYSTEMPATH\View\View.php(237): CodeIgniter\View\View->CodeIgniter\View\{closure}()
 4 SYSTEMPATH\Common.php(1169): CodeIgniter\View\View->render('producto/show', [], true)
 5 APPPATH\Controllers\Productos.php(22): view('producto/show', [...])
 6 SYSTEMPATH\CodeIgniter.php(933): App\Controllers\Productos->index()
 7 SYSTEMPATH\CodeIgniter.php(509): CodeIgniter\CodeIgniter->runController(Object(App\Controllers\Productos))
 8 SYSTEMPATH\CodeIgniter.php(355): CodeIgniter\CodeIgniter->handleRequest(null, Object(Config\Cache), false)
 9 SYSTEMPATH\Boot.php(325): CodeIgniter\CodeIgniter->run()
10 SYSTEMPATH\Boot.php(67): CodeIgniter\Boot::runCodeIgniter(Object(CodeIgniter\CodeIgniter))
11 FCPATH\index.php(56): CodeIgniter\Boot::bootWeb(Object(Config\Paths))
12 SYSTEMPATH\rewrite.php(44): require_once('C:\\xampp\\htdocs\\PanaderiaWeb\\public\\index.php')
CRITICAL - 2024-11-19 02:29:12 --> ErrorException: Attempt to read property "idProducto" on array
[Method: GET, Route: productos]
in APPPATH\Views\producto\show.php on line 6.
 1 APPPATH\Views\producto\show.php(6): CodeIgniter\Debug\Exceptions->errorHandler(2, 'Attempt to read property "idProducto" on array', 'C:\\xampp\\htdocs\\PanaderiaWeb\\app\\Views\\producto\\show.php', 6)
 2 SYSTEMPATH\View\View.php(234): include('C:\\xampp\\htdocs\\PanaderiaWeb\\app\\Views\\producto\\show.php')
 3 SYSTEMPATH\View\View.php(237): CodeIgniter\View\View->CodeIgniter\View\{closure}()
 4 SYSTEMPATH\Common.php(1169): CodeIgniter\View\View->render('producto/show', [], true)
 5 APPPATH\Controllers\Productos.php(22): view('producto/show', [...])
 6 SYSTEMPATH\CodeIgniter.php(933): App\Controllers\Productos->index()
 7 SYSTEMPATH\CodeIgniter.php(509): CodeIgniter\CodeIgniter->runController(Object(App\Controllers\Productos))
 8 SYSTEMPATH\CodeIgniter.php(355): CodeIgniter\CodeIgniter->handleRequest(null, Object(Config\Cache), false)
 9 SYSTEMPATH\Boot.php(325): CodeIgniter\CodeIgniter->run()
10 SYSTEMPATH\Boot.php(67): CodeIgniter\Boot::runCodeIgniter(Object(CodeIgniter\CodeIgniter))
11 FCPATH\index.php(56): CodeIgniter\Boot::bootWeb(Object(Config\Paths))
12 SYSTEMPATH\rewrite.php(44): require_once('C:\\xampp\\htdocs\\PanaderiaWeb\\public\\index.php')
CRITICAL - 2024-11-19 02:29:13 --> ErrorException: Attempt to read property "idProducto" on array
[Method: GET, Route: productos]
in APPPATH\Views\producto\show.php on line 6.
 1 APPPATH\Views\producto\show.php(6): CodeIgniter\Debug\Exceptions->errorHandler(2, 'Attempt to read property "idProducto" on array', 'C:\\xampp\\htdocs\\PanaderiaWeb\\app\\Views\\producto\\show.php', 6)
 2 SYSTEMPATH\View\View.php(234): include('C:\\xampp\\htdocs\\PanaderiaWeb\\app\\Views\\producto\\show.php')
 3 SYSTEMPATH\View\View.php(237): CodeIgniter\View\View->CodeIgniter\View\{closure}()
 4 SYSTEMPATH\Common.php(1169): CodeIgniter\View\View->render('producto/show', [], true)
 5 APPPATH\Controllers\Productos.php(22): view('producto/show', [...])
 6 SYSTEMPATH\CodeIgniter.php(933): App\Controllers\Productos->index()
 7 SYSTEMPATH\CodeIgniter.php(509): CodeIgniter\CodeIgniter->runController(Object(App\Controllers\Productos))
 8 SYSTEMPATH\CodeIgniter.php(355): CodeIgniter\CodeIgniter->handleRequest(null, Object(Config\Cache), false)
 9 SYSTEMPATH\Boot.php(325): CodeIgniter\CodeIgniter->run()
10 SYSTEMPATH\Boot.php(67): CodeIgniter\Boot::runCodeIgniter(Object(CodeIgniter\CodeIgniter))
11 FCPATH\index.php(56): CodeIgniter\Boot::bootWeb(Object(Config\Paths))
12 SYSTEMPATH\rewrite.php(44): require_once('C:\\xampp\\htdocs\\PanaderiaWeb\\public\\index.php')
CRITICAL - 2024-11-19 02:29:13 --> ErrorException: Attempt to read property "idProducto" on array
[Method: GET, Route: productos]
in APPPATH\Views\producto\show.php on line 6.
 1 APPPATH\Views\producto\show.php(6): CodeIgniter\Debug\Exceptions->errorHandler(2, 'Attempt to read property "idProducto" on array', 'C:\\xampp\\htdocs\\PanaderiaWeb\\app\\Views\\producto\\show.php', 6)
 2 SYSTEMPATH\View\View.php(234): include('C:\\xampp\\htdocs\\PanaderiaWeb\\app\\Views\\producto\\show.php')
 3 SYSTEMPATH\View\View.php(237): CodeIgniter\View\View->CodeIgniter\View\{closure}()
 4 SYSTEMPATH\Common.php(1169): CodeIgniter\View\View->render('producto/show', [], true)
 5 APPPATH\Controllers\Productos.php(22): view('producto/show', [...])
 6 SYSTEMPATH\CodeIgniter.php(933): App\Controllers\Productos->index()
 7 SYSTEMPATH\CodeIgniter.php(509): CodeIgniter\CodeIgniter->runController(Object(App\Controllers\Productos))
 8 SYSTEMPATH\CodeIgniter.php(355): CodeIgniter\CodeIgniter->handleRequest(null, Object(Config\Cache), false)
 9 SYSTEMPATH\Boot.php(325): CodeIgniter\CodeIgniter->run()
10 SYSTEMPATH\Boot.php(67): CodeIgniter\Boot::runCodeIgniter(Object(CodeIgniter\CodeIgniter))
11 FCPATH\index.php(56): CodeIgniter\Boot::bootWeb(Object(Config\Paths))
12 SYSTEMPATH\rewrite.php(44): require_once('C:\\xampp\\htdocs\\PanaderiaWeb\\public\\index.php')
CRITICAL - 2024-11-19 02:29:14 --> ErrorException: Attempt to read property "idProducto" on array
[Method: GET, Route: productos]
in APPPATH\Views\producto\show.php on line 6.
 1 APPPATH\Views\producto\show.php(6): CodeIgniter\Debug\Exceptions->errorHandler(2, 'Attempt to read property "idProducto" on array', 'C:\\xampp\\htdocs\\PanaderiaWeb\\app\\Views\\producto\\show.php', 6)
 2 SYSTEMPATH\View\View.php(234): include('C:\\xampp\\htdocs\\PanaderiaWeb\\app\\Views\\producto\\show.php')
 3 SYSTEMPATH\View\View.php(237): CodeIgniter\View\View->CodeIgniter\View\{closure}()
 4 SYSTEMPATH\Common.php(1169): CodeIgniter\View\View->render('producto/show', [], true)
 5 APPPATH\Controllers\Productos.php(22): view('producto/show', [...])
 6 SYSTEMPATH\CodeIgniter.php(933): App\Controllers\Productos->index()
 7 SYSTEMPATH\CodeIgniter.php(509): CodeIgniter\CodeIgniter->runController(Object(App\Controllers\Productos))
 8 SYSTEMPATH\CodeIgniter.php(355): CodeIgniter\CodeIgniter->handleRequest(null, Object(Config\Cache), false)
 9 SYSTEMPATH\Boot.php(325): CodeIgniter\CodeIgniter->run()
10 SYSTEMPATH\Boot.php(67): CodeIgniter\Boot::runCodeIgniter(Object(CodeIgniter\CodeIgniter))
11 FCPATH\index.php(56): CodeIgniter\Boot::bootWeb(Object(Config\Paths))
12 SYSTEMPATH\rewrite.php(44): require_once('C:\\xampp\\htdocs\\PanaderiaWeb\\public\\index.php')
CRITICAL - 2024-11-19 02:29:14 --> ErrorException: Attempt to read property "idProducto" on array
[Method: GET, Route: productos]
in APPPATH\Views\producto\show.php on line 6.
 1 APPPATH\Views\producto\show.php(6): CodeIgniter\Debug\Exceptions->errorHandler(2, 'Attempt to read property "idProducto" on array', 'C:\\xampp\\htdocs\\PanaderiaWeb\\app\\Views\\producto\\show.php', 6)
 2 SYSTEMPATH\View\View.php(234): include('C:\\xampp\\htdocs\\PanaderiaWeb\\app\\Views\\producto\\show.php')
 3 SYSTEMPATH\View\View.php(237): CodeIgniter\View\View->CodeIgniter\View\{closure}()
 4 SYSTEMPATH\Common.php(1169): CodeIgniter\View\View->render('producto/show', [], true)
 5 APPPATH\Controllers\Productos.php(22): view('producto/show', [...])
 6 SYSTEMPATH\CodeIgniter.php(933): App\Controllers\Productos->index()
 7 SYSTEMPATH\CodeIgniter.php(509): CodeIgniter\CodeIgniter->runController(Object(App\Controllers\Productos))
 8 SYSTEMPATH\CodeIgniter.php(355): CodeIgniter\CodeIgniter->handleRequest(null, Object(Config\Cache), false)
 9 SYSTEMPATH\Boot.php(325): CodeIgniter\CodeIgniter->run()
10 SYSTEMPATH\Boot.php(67): CodeIgniter\Boot::runCodeIgniter(Object(CodeIgniter\CodeIgniter))
11 FCPATH\index.php(56): CodeIgniter\Boot::bootWeb(Object(Config\Paths))
12 SYSTEMPATH\rewrite.php(44): require_once('C:\\xampp\\htdocs\\PanaderiaWeb\\public\\index.php')
CRITICAL - 2024-11-19 02:31:24 --> ErrorException: Attempt to read property "idProducto" on array
[Method: GET, Route: productos]
in APPPATH\Views\producto\show.php on line 6.
 1 APPPATH\Views\producto\show.php(6): CodeIgniter\Debug\Exceptions->errorHandler(2, 'Attempt to read property "idProducto" on array', 'C:\\xampp\\htdocs\\PanaderiaWeb\\app\\Views\\producto\\show.php', 6)
 2 SYSTEMPATH\View\View.php(234): include('C:\\xampp\\htdocs\\PanaderiaWeb\\app\\Views\\producto\\show.php')
 3 SYSTEMPATH\View\View.php(237): CodeIgniter\View\View->CodeIgniter\View\{closure}()
 4 SYSTEMPATH\Common.php(1169): CodeIgniter\View\View->render('producto/show', [], true)
 5 APPPATH\Controllers\Productos.php(22): view('producto/show', [...])
 6 SYSTEMPATH\CodeIgniter.php(933): App\Controllers\Productos->index()
 7 SYSTEMPATH\CodeIgniter.php(509): CodeIgniter\CodeIgniter->runController(Object(App\Controllers\Productos))
 8 SYSTEMPATH\CodeIgniter.php(355): CodeIgniter\CodeIgniter->handleRequest(null, Object(Config\Cache), false)
 9 SYSTEMPATH\Boot.php(325): CodeIgniter\CodeIgniter->run()
10 SYSTEMPATH\Boot.php(67): CodeIgniter\Boot::runCodeIgniter(Object(CodeIgniter\CodeIgniter))
11 FCPATH\index.php(56): CodeIgniter\Boot::bootWeb(Object(Config\Paths))
12 SYSTEMPATH\rewrite.php(44): require_once('C:\\xampp\\htdocs\\PanaderiaWeb\\public\\index.php')
INFO - 2024-11-19 02:31:28 --> Session: Class initialized using 'CodeIgniter\Session\Handlers\FileHandler' driver.
CRITICAL - 2024-11-19 02:31:40 --> ErrorException: Attempt to read property "idProducto" on array
[Method: GET, Route: productos]
in APPPATH\Views\producto\show.php on line 6.
 1 APPPATH\Views\producto\show.php(6): CodeIgniter\Debug\Exceptions->errorHandler(2, 'Attempt to read property "idProducto" on array', 'C:\\xampp\\htdocs\\PanaderiaWeb\\app\\Views\\producto\\show.php', 6)
 2 SYSTEMPATH\View\View.php(234): include('C:\\xampp\\htdocs\\PanaderiaWeb\\app\\Views\\producto\\show.php')
 3 SYSTEMPATH\View\View.php(237): CodeIgniter\View\View->CodeIgniter\View\{closure}()
 4 SYSTEMPATH\Common.php(1169): CodeIgniter\View\View->render('producto/show', [], true)
 5 APPPATH\Controllers\Productos.php(22): view('producto/show', [...])
 6 SYSTEMPATH\CodeIgniter.php(933): App\Controllers\Productos->index()
 7 SYSTEMPATH\CodeIgniter.php(509): CodeIgniter\CodeIgniter->runController(Object(App\Controllers\Productos))
 8 SYSTEMPATH\CodeIgniter.php(355): CodeIgniter\CodeIgniter->handleRequest(null, Object(Config\Cache), false)
 9 SYSTEMPATH\Boot.php(325): CodeIgniter\CodeIgniter->run()
10 SYSTEMPATH\Boot.php(67): CodeIgniter\Boot::runCodeIgniter(Object(CodeIgniter\CodeIgniter))
11 FCPATH\index.php(56): CodeIgniter\Boot::bootWeb(Object(Config\Paths))
12 SYSTEMPATH\rewrite.php(44): require_once('C:\\xampp\\htdocs\\PanaderiaWeb\\public\\index.php')
CRITICAL - 2024-11-19 02:32:17 --> Error: Cannot use object of type stdClass as array
[Method: GET, Route: productos]
in APPPATH\Views\producto\show.php on line 26.
 1 SYSTEMPATH\View\View.php(234): include()
 2 SYSTEMPATH\View\View.php(237): CodeIgniter\View\View->CodeIgniter\View\{closure}()
 3 SYSTEMPATH\Common.php(1169): CodeIgniter\View\View->render('producto/show', [], true)
 4 APPPATH\Controllers\Productos.php(22): view('producto/show', [...])
 5 SYSTEMPATH\CodeIgniter.php(933): App\Controllers\Productos->index()
 6 SYSTEMPATH\CodeIgniter.php(509): CodeIgniter\CodeIgniter->runController(Object(App\Controllers\Productos))
 7 SYSTEMPATH\CodeIgniter.php(355): CodeIgniter\CodeIgniter->handleRequest(null, Object(Config\Cache), false)
 8 SYSTEMPATH\Boot.php(325): CodeIgniter\CodeIgniter->run()
 9 SYSTEMPATH\Boot.php(67): CodeIgniter\Boot::runCodeIgniter(Object(CodeIgniter\CodeIgniter))
10 FCPATH\index.php(56): CodeIgniter\Boot::bootWeb(Object(Config\Paths))
11 SYSTEMPATH\rewrite.php(44): require_once('C:\\xampp\\htdocs\\PanaderiaWeb\\public\\index.php')
CRITICAL - 2024-11-19 02:33:27 --> ErrorException: Undefined property: stdClass::$nombreLocal
[Method: GET, Route: productos]
in APPPATH\Views\producto\show.php on line 32.
 1 APPPATH\Views\producto\show.php(32): CodeIgniter\Debug\Exceptions->errorHandler(2, 'Undefined property: stdClass::$nombreLocal', 'C:\\xampp\\htdocs\\PanaderiaWeb\\app\\Views\\producto\\show.php', 32)
 2 SYSTEMPATH\View\View.php(234): include('C:\\xampp\\htdocs\\PanaderiaWeb\\app\\Views\\producto\\show.php')
 3 SYSTEMPATH\View\View.php(237): CodeIgniter\View\View->CodeIgniter\View\{closure}()
 4 SYSTEMPATH\Common.php(1169): CodeIgniter\View\View->render('producto/show', [], true)
 5 APPPATH\Controllers\Productos.php(22): view('producto/show', [...])
 6 SYSTEMPATH\CodeIgniter.php(933): App\Controllers\Productos->index()
 7 SYSTEMPATH\CodeIgniter.php(509): CodeIgniter\CodeIgniter->runController(Object(App\Controllers\Productos))
 8 SYSTEMPATH\CodeIgniter.php(355): CodeIgniter\CodeIgniter->handleRequest(null, Object(Config\Cache), false)
 9 SYSTEMPATH\Boot.php(325): CodeIgniter\CodeIgniter->run()
10 SYSTEMPATH\Boot.php(67): CodeIgniter\Boot::runCodeIgniter(Object(CodeIgniter\CodeIgniter))
11 FCPATH\index.php(56): CodeIgniter\Boot::bootWeb(Object(Config\Paths))
12 SYSTEMPATH\rewrite.php(44): require_once('C:\\xampp\\htdocs\\PanaderiaWeb\\public\\index.php')
CRITICAL - 2024-11-19 02:39:29 --> ErrorException: Undefined property: stdClass::$nombreLocal
[Method: GET, Route: productos]
in APPPATH\Views\producto\show.php on line 32.
 1 APPPATH\Views\producto\show.php(32): CodeIgniter\Debug\Exceptions->errorHandler(2, 'Undefined property: stdClass::$nombreLocal', 'C:\\xampp\\htdocs\\PanaderiaWeb\\app\\Views\\producto\\show.php', 32)
 2 SYSTEMPATH\View\View.php(234): include('C:\\xampp\\htdocs\\PanaderiaWeb\\app\\Views\\producto\\show.php')
 3 SYSTEMPATH\View\View.php(237): CodeIgniter\View\View->CodeIgniter\View\{closure}()
 4 SYSTEMPATH\Common.php(1169): CodeIgniter\View\View->render('producto/show', [], true)
 5 APPPATH\Controllers\Productos.php(22): view('producto/show', [...])
 6 SYSTEMPATH\CodeIgniter.php(933): App\Controllers\Productos->index()
 7 SYSTEMPATH\CodeIgniter.php(509): CodeIgniter\CodeIgniter->runController(Object(App\Controllers\Productos))
 8 SYSTEMPATH\CodeIgniter.php(355): CodeIgniter\CodeIgniter->handleRequest(null, Object(Config\Cache), false)
 9 SYSTEMPATH\Boot.php(325): CodeIgniter\CodeIgniter->run()
10 SYSTEMPATH\Boot.php(67): CodeIgniter\Boot::runCodeIgniter(Object(CodeIgniter\CodeIgniter))
11 FCPATH\index.php(56): CodeIgniter\Boot::bootWeb(Object(Config\Paths))
12 SYSTEMPATH\rewrite.php(44): require_once('C:\\xampp\\htdocs\\PanaderiaWeb\\public\\index.php')
CRITICAL - 2024-11-19 02:39:33 --> ErrorException: Undefined property: stdClass::$nombreLocal
[Method: GET, Route: productos]
in APPPATH\Views\producto\show.php on line 32.
 1 APPPATH\Views\producto\show.php(32): CodeIgniter\Debug\Exceptions->errorHandler(2, 'Undefined property: stdClass::$nombreLocal', 'C:\\xampp\\htdocs\\PanaderiaWeb\\app\\Views\\producto\\show.php', 32)
 2 SYSTEMPATH\View\View.php(234): include('C:\\xampp\\htdocs\\PanaderiaWeb\\app\\Views\\producto\\show.php')
 3 SYSTEMPATH\View\View.php(237): CodeIgniter\View\View->CodeIgniter\View\{closure}()
 4 SYSTEMPATH\Common.php(1169): CodeIgniter\View\View->render('producto/show', [], true)
 5 APPPATH\Controllers\Productos.php(22): view('producto/show', [...])
 6 SYSTEMPATH\CodeIgniter.php(933): App\Controllers\Productos->index()
 7 SYSTEMPATH\CodeIgniter.php(509): CodeIgniter\CodeIgniter->runController(Object(App\Controllers\Productos))
 8 SYSTEMPATH\CodeIgniter.php(355): CodeIgniter\CodeIgniter->handleRequest(null, Object(Config\Cache), false)
 9 SYSTEMPATH\Boot.php(325): CodeIgniter\CodeIgniter->run()
10 SYSTEMPATH\Boot.php(67): CodeIgniter\Boot::runCodeIgniter(Object(CodeIgniter\CodeIgniter))
11 FCPATH\index.php(56): CodeIgniter\Boot::bootWeb(Object(Config\Paths))
12 SYSTEMPATH\rewrite.php(44): require_once('C:\\xampp\\htdocs\\PanaderiaWeb\\public\\index.php')
CRITICAL - 2024-11-19 02:47:23 --> Error: Cannot use object of type stdClass as array
[Method: GET, Route: productos]
in APPPATH\Views\producto\show.php on line 19.
 1 SYSTEMPATH\View\View.php(234): include()
 2 SYSTEMPATH\View\View.php(237): CodeIgniter\View\View->CodeIgniter\View\{closure}()
 3 SYSTEMPATH\Common.php(1169): CodeIgniter\View\View->render('producto/show', [], true)
 4 APPPATH\Controllers\Productos.php(22): view('producto/show', [...])
 5 SYSTEMPATH\CodeIgniter.php(933): App\Controllers\Productos->index()
 6 SYSTEMPATH\CodeIgniter.php(509): CodeIgniter\CodeIgniter->runController(Object(App\Controllers\Productos))
 7 SYSTEMPATH\CodeIgniter.php(355): CodeIgniter\CodeIgniter->handleRequest(null, Object(Config\Cache), false)
 8 SYSTEMPATH\Boot.php(325): CodeIgniter\CodeIgniter->run()
 9 SYSTEMPATH\Boot.php(67): CodeIgniter\Boot::runCodeIgniter(Object(CodeIgniter\CodeIgniter))
10 FCPATH\index.php(56): CodeIgniter\Boot::bootWeb(Object(Config\Paths))
11 SYSTEMPATH\rewrite.php(44): require_once('C:\\xampp\\htdocs\\PanaderiaWeb\\public\\index.php')
CRITICAL - 2024-11-19 02:56:48 --> Error: Cannot use object of type stdClass as array
[Method: GET, Route: productos]
in APPPATH\Views\producto\show.php on line 19.
 1 SYSTEMPATH\View\View.php(234): include()
 2 SYSTEMPATH\View\View.php(237): CodeIgniter\View\View->CodeIgniter\View\{closure}()
 3 SYSTEMPATH\Common.php(1169): CodeIgniter\View\View->render('producto/show', [], true)
 4 APPPATH\Controllers\Productos.php(22): view('producto/show', [...])
 5 SYSTEMPATH\CodeIgniter.php(933): App\Controllers\Productos->index()
 6 SYSTEMPATH\CodeIgniter.php(509): CodeIgniter\CodeIgniter->runController(Object(App\Controllers\Productos))
 7 SYSTEMPATH\CodeIgniter.php(355): CodeIgniter\CodeIgniter->handleRequest(null, Object(Config\Cache), false)
 8 SYSTEMPATH\Boot.php(325): CodeIgniter\CodeIgniter->run()
 9 SYSTEMPATH\Boot.php(67): CodeIgniter\Boot::runCodeIgniter(Object(CodeIgniter\CodeIgniter))
10 FCPATH\index.php(56): CodeIgniter\Boot::bootWeb(Object(Config\Paths))
11 SYSTEMPATH\rewrite.php(44): require_once('C:\\xampp\\htdocs\\PanaderiaWeb\\public\\index.php')
CRITICAL - 2024-11-19 02:58:06 --> ErrorException: Undefined array key "nombreLocal"
[Method: GET, Route: productos]
in APPPATH\Views\producto\show.php on line 24.
 1 APPPATH\Views\producto\show.php(24): CodeIgniter\Debug\Exceptions->errorHandler(2, 'Undefined array key "nombreLocal"', 'C:\\xampp\\htdocs\\PanaderiaWeb\\app\\Views\\producto\\show.php', 24)
 2 SYSTEMPATH\View\View.php(234): include('C:\\xampp\\htdocs\\PanaderiaWeb\\app\\Views\\producto\\show.php')
 3 SYSTEMPATH\View\View.php(237): CodeIgniter\View\View->CodeIgniter\View\{closure}()
 4 SYSTEMPATH\Common.php(1169): CodeIgniter\View\View->render('producto/show', [], true)
 5 APPPATH\Controllers\Productos.php(22): view('producto/show', [...])
 6 SYSTEMPATH\CodeIgniter.php(933): App\Controllers\Productos->index()
 7 SYSTEMPATH\CodeIgniter.php(509): CodeIgniter\CodeIgniter->runController(Object(App\Controllers\Productos))
 8 SYSTEMPATH\CodeIgniter.php(355): CodeIgniter\CodeIgniter->handleRequest(null, Object(Config\Cache), false)
 9 SYSTEMPATH\Boot.php(325): CodeIgniter\CodeIgniter->run()
10 SYSTEMPATH\Boot.php(67): CodeIgniter\Boot::runCodeIgniter(Object(CodeIgniter\CodeIgniter))
11 FCPATH\index.php(56): CodeIgniter\Boot::bootWeb(Object(Config\Paths))
12 SYSTEMPATH\rewrite.php(44): require_once('C:\\xampp\\htdocs\\PanaderiaWeb\\public\\index.php')
CRITICAL - 2024-11-19 03:00:25 --> ErrorException: Attempt to read property "idProducto" on array
[Method: GET, Route: productos]
in APPPATH\Views\producto\show.php on line 19.
 1 APPPATH\Views\producto\show.php(19): CodeIgniter\Debug\Exceptions->errorHandler(2, 'Attempt to read property "idProducto" on array', 'C:\\xampp\\htdocs\\PanaderiaWeb\\app\\Views\\producto\\show.php', 19)
 2 SYSTEMPATH\View\View.php(234): include('C:\\xampp\\htdocs\\PanaderiaWeb\\app\\Views\\producto\\show.php')
 3 SYSTEMPATH\View\View.php(237): CodeIgniter\View\View->CodeIgniter\View\{closure}()
 4 SYSTEMPATH\Common.php(1169): CodeIgniter\View\View->render('producto/show', [], true)
 5 APPPATH\Controllers\Productos.php(22): view('producto/show', [...])
 6 SYSTEMPATH\CodeIgniter.php(933): App\Controllers\Productos->index()
 7 SYSTEMPATH\CodeIgniter.php(509): CodeIgniter\CodeIgniter->runController(Object(App\Controllers\Productos))
 8 SYSTEMPATH\CodeIgniter.php(355): CodeIgniter\CodeIgniter->handleRequest(null, Object(Config\Cache), false)
 9 SYSTEMPATH\Boot.php(325): CodeIgniter\CodeIgniter->run()
10 SYSTEMPATH\Boot.php(67): CodeIgniter\Boot::runCodeIgniter(Object(CodeIgniter\CodeIgniter))
11 FCPATH\index.php(56): CodeIgniter\Boot::bootWeb(Object(Config\Paths))
12 SYSTEMPATH\rewrite.php(44): require_once('C:\\xampp\\htdocs\\PanaderiaWeb\\public\\index.php')
CRITICAL - 2024-11-19 03:03:01 --> ErrorException: Undefined array key "nombreLocal"
[Method: GET, Route: productos]
in APPPATH\Views\producto\show.php on line 24.
 1 APPPATH\Views\producto\show.php(24): CodeIgniter\Debug\Exceptions->errorHandler(2, 'Undefined array key "nombreLocal"', 'C:\\xampp\\htdocs\\PanaderiaWeb\\app\\Views\\producto\\show.php', 24)
 2 SYSTEMPATH\View\View.php(234): include('C:\\xampp\\htdocs\\PanaderiaWeb\\app\\Views\\producto\\show.php')
 3 SYSTEMPATH\View\View.php(237): CodeIgniter\View\View->CodeIgniter\View\{closure}()
 4 SYSTEMPATH\Common.php(1169): CodeIgniter\View\View->render('producto/show', [], true)
 5 APPPATH\Controllers\Productos.php(22): view('producto/show', [...])
 6 SYSTEMPATH\CodeIgniter.php(933): App\Controllers\Productos->index()
 7 SYSTEMPATH\CodeIgniter.php(509): CodeIgniter\CodeIgniter->runController(Object(App\Controllers\Productos))
 8 SYSTEMPATH\CodeIgniter.php(355): CodeIgniter\CodeIgniter->handleRequest(null, Object(Config\Cache), false)
 9 SYSTEMPATH\Boot.php(325): CodeIgniter\CodeIgniter->run()
10 SYSTEMPATH\Boot.php(67): CodeIgniter\Boot::runCodeIgniter(Object(CodeIgniter\CodeIgniter))
11 FCPATH\index.php(56): CodeIgniter\Boot::bootWeb(Object(Config\Paths))
12 SYSTEMPATH\rewrite.php(44): require_once('C:\\xampp\\htdocs\\PanaderiaWeb\\public\\index.php')
CRITICAL - 2024-11-19 03:03:41 --> ErrorException: Undefined array key "nombreLocal"
[Method: GET, Route: productos]
in APPPATH\Views\producto\show.php on line 24.
 1 APPPATH\Views\producto\show.php(24): CodeIgniter\Debug\Exceptions->errorHandler(2, 'Undefined array key "nombreLocal"', 'C:\\xampp\\htdocs\\PanaderiaWeb\\app\\Views\\producto\\show.php', 24)
 2 SYSTEMPATH\View\View.php(234): include('C:\\xampp\\htdocs\\PanaderiaWeb\\app\\Views\\producto\\show.php')
 3 SYSTEMPATH\View\View.php(237): CodeIgniter\View\View->CodeIgniter\View\{closure}()
 4 SYSTEMPATH\Common.php(1169): CodeIgniter\View\View->render('producto/show', [], true)
 5 APPPATH\Controllers\Productos.php(22): view('producto/show', [...])
 6 SYSTEMPATH\CodeIgniter.php(933): App\Controllers\Productos->index()
 7 SYSTEMPATH\CodeIgniter.php(509): CodeIgniter\CodeIgniter->runController(Object(App\Controllers\Productos))
 8 SYSTEMPATH\CodeIgniter.php(355): CodeIgniter\CodeIgniter->handleRequest(null, Object(Config\Cache), false)
 9 SYSTEMPATH\Boot.php(325): CodeIgniter\CodeIgniter->run()
10 SYSTEMPATH\Boot.php(67): CodeIgniter\Boot::runCodeIgniter(Object(CodeIgniter\CodeIgniter))
11 FCPATH\index.php(56): CodeIgniter\Boot::bootWeb(Object(Config\Paths))
12 SYSTEMPATH\rewrite.php(44): require_once('C:\\xampp\\htdocs\\PanaderiaWeb\\public\\index.php')
INFO - 2024-11-19 19:42:10 --> Session: Class initialized using 'CodeIgniter\Session\Handlers\FileHandler' driver.
INFO - 2024-11-19 19:43:23 --> Session: Class initialized using 'CodeIgniter\Session\Handlers\FileHandler' driver.
INFO - 2024-11-19 19:43:36 --> Session: Class initialized using 'CodeIgniter\Session\Handlers\FileHandler' driver.
CRITICAL - 2024-11-19 19:44:28 --> ErrorException: Undefined array key "nombreLocal"
[Method: GET, Route: productos]
in APPPATH\Views\producto\show.php on line 24.
 1 APPPATH\Views\producto\show.php(24): CodeIgniter\Debug\Exceptions->errorHandler(2, 'Undefined array key "nombreLocal"', 'C:\\xampp\\htdocs\\PanaderiaWeb\\app\\Views\\producto\\show.php', 24)
 2 SYSTEMPATH\View\View.php(234): include('C:\\xampp\\htdocs\\PanaderiaWeb\\app\\Views\\producto\\show.php')
 3 SYSTEMPATH\View\View.php(237): CodeIgniter\View\View->CodeIgniter\View\{closure}()
 4 SYSTEMPATH\Common.php(1169): CodeIgniter\View\View->render('producto/show', [], true)
 5 APPPATH\Controllers\Productos.php(22): view('producto/show', [...])
 6 SYSTEMPATH\CodeIgniter.php(933): App\Controllers\Productos->index()
 7 SYSTEMPATH\CodeIgniter.php(509): CodeIgniter\CodeIgniter->runController(Object(App\Controllers\Productos))
 8 SYSTEMPATH\CodeIgniter.php(355): CodeIgniter\CodeIgniter->handleRequest(null, Object(Config\Cache), false)
 9 SYSTEMPATH\Boot.php(325): CodeIgniter\CodeIgniter->run()
10 SYSTEMPATH\Boot.php(67): CodeIgniter\Boot::runCodeIgniter(Object(CodeIgniter\CodeIgniter))
11 FCPATH\index.php(56): CodeIgniter\Boot::bootWeb(Object(Config\Paths))
12 SYSTEMPATH\rewrite.php(44): require_once('C:\\xampp\\htdocs\\PanaderiaWeb\\public\\index.php')
CRITICAL - 2024-11-19 23:26:35 --> ErrorException: Undefined array key "nombreLocal"
[Method: GET, Route: productos]
in APPPATH\Views\producto\show.php on line 24.
 1 APPPATH\Views\producto\show.php(24): CodeIgniter\Debug\Exceptions->errorHandler(2, 'Undefined array key "nombreLocal"', 'C:\\xampp\\htdocs\\PanaderiaWeb\\app\\Views\\producto\\show.php', 24)
 2 SYSTEMPATH\View\View.php(234): include('C:\\xampp\\htdocs\\PanaderiaWeb\\app\\Views\\producto\\show.php')
 3 SYSTEMPATH\View\View.php(237): CodeIgniter\View\View->CodeIgniter\View\{closure}()
 4 SYSTEMPATH\Common.php(1169): CodeIgniter\View\View->render('producto/show', [], true)
 5 APPPATH\Controllers\Productos.php(22): view('producto/show', [...])
 6 SYSTEMPATH\CodeIgniter.php(933): App\Controllers\Productos->index()
 7 SYSTEMPATH\CodeIgniter.php(509): CodeIgniter\CodeIgniter->runController(Object(App\Controllers\Productos))
 8 SYSTEMPATH\CodeIgniter.php(355): CodeIgniter\CodeIgniter->handleRequest(null, Object(Config\Cache), false)
 9 SYSTEMPATH\Boot.php(325): CodeIgniter\CodeIgniter->run()
10 SYSTEMPATH\Boot.php(67): CodeIgniter\Boot::runCodeIgniter(Object(CodeIgniter\CodeIgniter))
11 FCPATH\index.php(56): CodeIgniter\Boot::bootWeb(Object(Config\Paths))
12 SYSTEMPATH\rewrite.php(44): require_once('C:\\xampp\\htdocs\\PanaderiaWeb\\public\\index.php')
